2017-10-28 17:17:16.467 [error] <0.1772.0>@emq_plugin_kafka:on_session_created:63 22 client(mqttjs_0122b8434d/javk) created session.
2017-10-28 17:17:16.467 [error] <0.1772.0>@emq_plugin_kafka:produce_to_kafka:132 can't send to kafka error: badarg
2017-10-28 17:17:16.469 [error] <0.1771.0>@emq_plugin_kafka:produce_to_kafka:132 can't send to kafka error: badarg
2017-10-28 17:17:37.651 [error] <0.1771.0>@emq_plugin_kafka:produce_to_kafka:132 can't send to kafka error: badarg
2017-10-28 17:43:34.719 [error] <0.1744.0>@emq_plugin_kafka:on_session_created:63 22 client(mqttjs_09bf927f31/yyyyyyyyyyyy) created session.
2017-10-28 17:43:34.719 [error] <0.1744.0>@emq_plugin_kafka:produce_to_kafka:132 can't send to kafka error: badarg
2017-10-28 17:43:34.721 [error] <0.1743.0>@emq_plugin_kafka:produce_to_kafka:132 can't send to kafka error: badarg
2017-10-28 17:44:48.684 [error] <0.1743.0>@emq_plugin_kafka:produce_to_kafka:132 can't send to kafka error: badarg
2017-10-28 17:47:34.361 [error] <0.1738.0>@emq_plugin_kafka:on_session_created:63 22 client(mqttjs_65bb8b4389/tttttttttttt) created session.
2017-10-28 17:47:34.361 [error] <0.1738.0>@emq_plugin_kafka:produce_to_kafka:132 can't send to kafka error: badarg
2017-10-28 17:47:34.362 [error] <0.1737.0>@emq_plugin_kafka:produce_to_kafka:132 can't send to kafka error: badarg
2017-10-28 17:58:50.151 [error] <0.1737.0>@emq_plugin_kafka:produce_to_kafka:132 can't send to kafka error: badarg
2017-10-28 17:58:50.232 [error] <0.1737.0>@emq_plugin_kafka:produce_to_kafka:132 can't send to kafka error: badarg
2017-10-28 17:58:50.358 [error] <0.1737.0>@emq_plugin_kafka:produce_to_kafka:132 can't send to kafka error: badarg
2017-10-28 17:58:50.675 [error] <0.1737.0>@emq_plugin_kafka:produce_to_kafka:132 can't send to kafka error: badarg
2017-10-28 21:06:56.132 [error] <0.1735.0>@emq_plugin_kafka:on_session_created:62 client(mqttjs_8c122cce08/jack) created session.
2017-10-28 21:06:56.135 [error] <0.1735.0>@emq_plugin_kafka:produce_to_kafka:131 can't send to kafka error: badarg
2017-10-28 21:06:56.136 [error] <0.1734.0>@emq_plugin_kafka:produce_to_kafka:131 can't send to kafka error: badarg
2017-10-28 21:07:13.118 [error] <0.1732.0>@emq_plugin_kafka:on_session_created:62 client(mqttjs_8c122cce08/jack) created session.
2017-10-28 21:07:13.122 [error] <0.1732.0>@emq_plugin_kafka:produce_to_kafka:131 can't send to kafka error: badarg
2017-10-28 21:07:13.133 [error] <0.1731.0>@emq_plugin_kafka:produce_to_kafka:131 can't send to kafka error: badarg
2017-10-28 21:07:13.155 [error] <0.1731.0>@emq_plugin_kafka:produce_to_kafka:131 can't send to kafka error: badarg
2017-10-28 21:07:13.163 [error] <0.1732.0>@emq_plugin_kafka:produce_to_kafka:131 can't send to kafka error: badarg
2017-10-28 21:08:21.727 [error] <0.1742.0>@emq_plugin_kafka:on_session_created:62 client(mqttjs_d8d70497e5/ttt) created session.
2017-10-28 21:08:21.731 [error] <0.1742.0>@emq_plugin_kafka:produce_to_kafka:131 can't send to kafka error: badarg
2017-10-28 21:08:21.734 [error] <0.1741.0>@emq_plugin_kafka:produce_to_kafka:131 can't send to kafka error: badarg
2017-10-28 21:09:31.778 [error] <0.1741.0>@emq_plugin_kafka:produce_to_kafka:131 can't send to kafka error: badarg
2017-10-28 21:14:58.789 [error] <0.1742.0>@emq_plugin_kafka:on_session_created:62 client(sssssssss/jjja) created session.
2017-10-28 21:14:58.791 [error] <0.1742.0>@emq_plugin_kafka:produce_to_kafka:131 can't send to kafka error: badarg
2017-10-28 21:14:58.793 [error] <0.1741.0>@emq_plugin_kafka:produce_to_kafka:131 can't send to kafka error: badarg
2017-10-28 21:15:04.619 [error] <0.1741.0>@emq_plugin_kafka:produce_to_kafka:131 can't send to kafka error: badarg
2017-10-28 21:22:18.014 [error] <0.1740.0>@emq_plugin_kafka:on_session_created:62 client(mqttjs_7e6b19d7f7/yyyy) created session.
2017-10-28 21:22:18.022 [error] <0.1740.0>@emq_plugin_kafka:produce_to_kafka:131 can't send to kafka error: badarg
2017-10-28 21:22:18.024 [error] <0.1739.0>@emq_plugin_kafka:produce_to_kafka:131 can't send to kafka error: badarg
2017-10-28 21:29:35.217 [error] <0.1740.0>@emq_plugin_kafka:on_session_created:62 client(mqttjs_8290eaab40/ttt) created session.
2017-10-28 21:29:35.220 [error] <0.1740.0>@emq_plugin_kafka:produce_to_kafka:131 can't send to kafka error: badarg
2017-10-28 21:29:35.222 [error] <0.1739.0>@emq_plugin_kafka:produce_to_kafka:131 can't send to kafka error: badarg
2017-10-28 21:39:08.631 [error] <0.1736.0>@emq_plugin_kafka:produce_to_kafka:132 can't send to kafka error: badarg
2017-10-28 21:39:08.636 [error] <0.1735.0>@emq_plugin_kafka:produce_to_kafka:132 can't send to kafka error: badarg
2017-10-28 21:47:43.990 [error] <0.1735.0>@emq_plugin_kafka:produce_to_kafka:127 =====111.===topic: tech-iot-device-gateway-2040, json: {"type":"session_created","clientid":"mqttjs_99ead00401","username":"bbbbbbbbbbbbb","ts":1509198463} .
2017-10-28 21:47:43.990 [error] <0.1735.0>@emq_plugin_kafka:produce_to_kafka:131  111 can't send to kafka error: badarg
2017-10-28 21:47:43.991 [error] <0.1734.0>@emq_plugin_kafka:produce_to_kafka:127 =====111.===topic: tech-iot-device-gateway-2040, json: {"type":"connected","clientid":"mqttjs_99ead00401","username":"bbbbbbbbbbbbb","ts":1509198463} .
2017-10-28 21:47:43.991 [error] <0.1734.0>@emq_plugin_kafka:produce_to_kafka:131  111 can't send to kafka error: badarg
2017-10-28 21:58:44.157 [error] <0.1740.0>@emq_plugin_kafka:produce_to_kafka:127 =====111.===topic: tech-iot-device-gateway-2040, json: {"type":"session_created","clientid":"mqttjs_f789870af9","username":"uuuuuuu","ts":1509199124} .
2017-10-28 21:58:44.157 [error] <0.1740.0>@emq_plugin_kafka:produce_to_kafka:131  111 can't send to kafka error: badarg
2017-10-28 21:58:44.159 [error] <0.1739.0>@emq_plugin_kafka:produce_to_kafka:127 =====111.===topic: tech-iot-device-gateway-2040, json: {"type":"connected","clientid":"mqttjs_f789870af9","username":"uuuuuuu","ts":1509199124} .
2017-10-28 21:58:44.160 [error] <0.1739.0>@emq_plugin_kafka:produce_to_kafka:131  111 can't send to kafka error: badarg
